<?xml version="1.0" encoding="UTF-8"?>
<testng-results ignored="0" total="1" passed="1" failed="0" skipped="0">
  <reporter-output>
  </reporter-output>
  <suite started-at="2023-02-11T23:10:57 PST" name="amazon" finished-at="2023-02-11T23:11:11 PST" duration-ms="13246">
    <groups>
    </groups>
    <test started-at="2023-02-11T23:10:57 PST" name="amazon application Test" finished-at="2023-02-11T23:11:11 PST" duration-ms="13246">
      <class name="com.amazon.TestCase.Testcase">
        <test-method is-config="true" signature="setupExtentReport()[pri:0, instance:com.amazon.TestCase.Testcase@6d1ef78d]" started-at="2023-02-11T23:10:57 PST" name="setupExtentReport" finished-at="2023-02-11T23:10:58 PST" duration-ms="306" status="PASS">
          <reporter-output>
          </reporter-output>
        </test-method> <!-- setupExtentReport -->
        <test-method is-config="true" signature="setup(java.lang.String)[pri:0, instance:com.amazon.TestCase.Testcase@6d1ef78d]" started-at="2023-02-11T23:10:58 PST" name="setup" finished-at="2023-02-11T23:11:04 PST" duration-ms="5771" status="PASS">
          <params>
            <param index="0">
              <value>
                <![CDATA[chrome]]>
              </value>
            </param>
          </params>
          <reporter-output>
          </reporter-output>
        </test-method> <!-- setup -->
        <test-method signature="logintest()[pri:0, instance:com.amazon.TestCase.Testcase@6d1ef78d]" started-at="2023-02-11T23:11:04 PST" name="logintest" finished-at="2023-02-11T23:11:11 PST" duration-ms="7091" status="PASS">
          <reporter-output>
          </reporter-output>
        </test-method> <!-- logintest -->
        <test-method is-config="true" signature="tearDown(org.testng.ITestResult)[pri:0, instance:com.amazon.TestCase.Testcase@6d1ef78d]" started-at="2023-02-11T23:11:11 PST" name="tearDown" finished-at="2023-02-11T23:11:11 PST" duration-ms="2" status="FAIL">
          <params>
            <param index="0">
              <value>
                <![CDATA[[TestResult name=logintest status=SUCCESS method=Testcase.logintest()[pri:0, instance:com.amazon.TestCase.Testcase@6d1ef78d] output={null}]]]>
              </value>
            </param>
          </params>
          <exception class="java.lang.NullPointerException">
            <message>
              <![CDATA[Cannot invoke "com.aventstack.extentreports.ExtentTest.log(com.aventstack.extentreports.Status, String)" because "this.test" is null]]>
            </message>
            <full-stacktrace>
              <![CDATA[java.lang.NullPointerException: Cannot invoke "com.aventstack.extentreports.ExtentTest.log(com.aventstack.extentreports.Status, String)" because "this.test" is null
at com.amazon.TestCase.Testcase.tearDown(Testcase.java:113)
at java.base/jdk.internal.reflect.DirectMethodHandleAccessor.invoke(DirectMethodHandleAccessor.java:104)
at java.base/java.lang.reflect.Method.invoke(Method.java:578)
at org.testng.internal.invokers.MethodInvocationHelper.invokeMethod(MethodInvocationHelper.java:139)
at org.testng.internal.invokers.MethodInvocationHelper.invokeMethodConsideringTimeout(MethodInvocationHelper.java:69)
at org.testng.internal.invokers.ConfigInvoker.invokeConfigurationMethod(ConfigInvoker.java:361)
at org.testng.internal.invokers.ConfigInvoker.invokeConfigurations(ConfigInvoker.java:296)
at org.testng.internal.invokers.TestInvoker.runConfigMethods(TestInvoker.java:823)
at org.testng.internal.invokers.TestInvoker.runAfterConfigurations(TestInvoker.java:792)
at org.testng.internal.invokers.TestInvoker.invokeMethod(TestInvoker.java:768)
at org.testng.internal.invokers.TestInvoker.invokeTestMethod(TestInvoker.java:221)
at org.testng.internal.invokers.MethodRunner.runInSequence(MethodRunner.java:50)
at org.testng.internal.invokers.TestInvoker$MethodInvocationAgent.invoke(TestInvoker.java:969)
at org.testng.internal.invokers.TestInvoker.invokeTestMethods(TestInvoker.java:194)
at org.testng.internal.invokers.TestMethodWorker.invokeTestMethods(TestMethodWorker.java:148)
at org.testng.internal.invokers.TestMethodWorker.run(TestMethodWorker.java:128)
at java.base/java.util.ArrayList.forEach(ArrayList.java:1511)
at org.testng.TestRunner.privateRun(TestRunner.java:829)
at org.testng.TestRunner.run(TestRunner.java:602)
at org.testng.SuiteRunner.runTest(SuiteRunner.java:437)
at org.testng.SuiteRunner.runSequentially(SuiteRunner.java:431)
at org.testng.SuiteRunner.privateRun(SuiteRunner.java:391)
at org.testng.SuiteRunner.run(SuiteRunner.java:330)
at org.testng.SuiteRunnerWorker.runSuite(SuiteRunnerWorker.java:52)
at org.testng.SuiteRunnerWorker.run(SuiteRunnerWorker.java:95)
at org.testng.TestNG.runSuitesSequentially(TestNG.java:1256)
at org.testng.TestNG.runSuitesLocally(TestNG.java:1176)
at org.testng.TestNG.runSuites(TestNG.java:1099)
at org.testng.TestNG.run(TestNG.java:1067)
at org.testng.remote.AbstractRemoteTestNG.run(AbstractRemoteTestNG.java:115)
at org.testng.remote.RemoteTestNG.initAndRun(RemoteTestNG.java:251)
at org.testng.remote.RemoteTestNG.main(RemoteTestNG.java:77)
]]>
            </full-stacktrace>
          </exception> <!-- java.lang.NullPointerException -->
          <reporter-output>
          </reporter-output>
        </test-method> <!-- tearDown -->
        <test-method is-config="true" signature="endExtentReport()[pri:0, instance:com.amazon.TestCase.Testcase@6d1ef78d]" started-at="2023-02-11T23:11:11 PST" name="endExtentReport" finished-at="2023-02-11T23:11:11 PST" duration-ms="0" status="SKIP">
          <reporter-output>
          </reporter-output>
        </test-method> <!-- endExtentReport -->
      </class> <!-- com.amazon.TestCase.Testcase -->
    </test> <!-- amazon application Test -->
  </suite> <!-- amazon -->
</testng-results>
