<?xml version="1.0" encoding="UTF-8"?>
<!-- Generated by org.testng.reporters.JUnitXMLReporter -->
<testsuite ignored="0" hostname="DESKTOP-P5C4GFK" failures="0" tests="1" name="amazon application Test" time="13.246" errors="0" timestamp="2023-02-11T23:11:11 PST">
  <testcase classname="com.amazon.TestCase.Testcase" name="@AfterMethod tearDown" time="0.002">
    <failure type="java.lang.NullPointerException" message="Cannot invoke &amp;quot;com.aventstack.extentreports.ExtentTest.log(com.aventstack.extentreports.Status, String)&amp;quot; because &amp;quot;this.test&amp;quot; is null">
      <![CDATA[java.lang.NullPointerException: Cannot invoke "com.aventstack.extentreports.ExtentTest.log(com.aventstack.extentreports.Status, String)" because "this.test" is null
at com.amazon.TestCase.Testcase.tearDown(Testcase.java:113)
at java.base/java.util.ArrayList.forEach(ArrayList.java:1511)
... Removed 30 stack frames]]>
    </failure>
  </testcase> <!-- @AfterMethod tearDown -->
  <testcase classname="com.amazon.TestCase.Testcase" name="@AfterTest endExtentReport" time="0.0">
    <skipped/>
  </testcase> <!-- @AfterTest endExtentReport -->
  <testcase classname="com.amazon.TestCase.Testcase" name="logintest" time="7.091"/>
</testsuite> <!-- amazon application Test -->
